<?xml version="1.0" encoding="UTF-8"?>
<!-- Generated by org.testng.reporters.JUnitReportReporter -->
<testsuite hostname="DESKTOP-V005S70" failures="0" tests="3" name="testNG.TestNg_Keywords" time="0.037" errors="0" timestamp="2022-07-26T21:07:11 IST" skipped="0">
  <testcase classname="testNG.TestNg_Keywords" name="TC04" time="0.030"/>
  <system-out>
    <![CDATA[Running TC04]]>
  </system-out>
  <testcase classname="testNG.TestNg_Keywords" name="TC02" time="0.003"/>
  <system-out>
    <![CDATA[Running TC02]]>
  </system-out>
  <testcase classname="testNG.TestNg_Keywords" name="TC03" time="0.004"/>
  <system-out>
    <![CDATA[Running TC03]]>
  </system-out>
</testsuite> <!-- testNG.TestNg_Keywords -->
