<?xml version="1.0" encoding="UTF-8"?>
<!-- Generated by org.testng.reporters.JUnitReportReporter -->
<testsuite hostname="DESKTOP-V005S70" failures="0" tests="2" name="testNG.MultiBrowser_Testing" time="58.456" errors="0" timestamp="2022-08-01T20:07:36 IST" skipped="0">
  <testcase classname="testNG.MultiBrowser_Testing" name="TC01" time="25.070"/>
  <system-out/>
  <testcase classname="testNG.MultiBrowser_Testing" name="TC01" time="33.386"/>
  <system-out/>
</testsuite> <!-- testNG.MultiBrowser_Testing -->
