<?xml version="1.0" encoding="UTF-8"?>
<!-- Generated by org.testng.reporters.JUnitReportReporter -->
<testsuite hostname="DESKTOP-V005S70" failures="0" tests="1" name="testNG.TestNG_Test_Class" time="0.014" errors="0" timestamp="2022-07-26T16:27:43 IST" skipped="0">
  <testcase classname="testNG.TestNG_Test_Class" name="test" time="0.014"/>
  <system-out>
    <![CDATA[Quantum Academy]]>
  </system-out>
</testsuite> <!-- testNG.TestNG_Test_Class -->
