<?xml version="1.0" encoding="UTF-8"?>
<!-- Generated by org.testng.reporters.JUnitReportReporter -->
<testsuite hostname="DESKTOP-V005S70" failures="0" tests="3" name="testNG.Sample3" time="0.008" errors="0" timestamp="2022-07-31T23:50:23 IST" skipped="0">
  <testcase classname="testNG.Sample3" name="TC8" time="0.002"/>
  <system-out/>
  <testcase classname="testNG.Sample3" name="TC9" time="0.002"/>
  <system-out/>
  <testcase classname="testNG.Sample3" name="TC10" time="0.004"/>
  <system-out/>
</testsuite> <!-- testNG.Sample3 -->
