<?xml version="1.0" encoding="UTF-8"?>
<!-- Generated by org.testng.reporters.JUnitReportReporter -->
<testsuite hostname="DESKTOP-V005S70" failures="0" tests="2" name="testNG.TestNG_Annotations" time="0.020" errors="0" timestamp="2022-07-26T16:37:41 IST" skipped="0">
  <testcase classname="testNG.TestNG_Annotations" name="verifyUsername" time="0.006"/>
  <system-out/>
  <testcase classname="testNG.TestNG_Annotations" name="verifyPassword" time="0.014"/>
  <system-out/>
</testsuite> <!-- testNG.TestNG_Annotations -->
