<?xml version="1.0" encoding="UTF-8"?>
<!-- Generated by org.testng.reporters.JUnitReportReporter -->
<testsuite hostname="DESKTOP-V005S70" failures="0" tests="1" name="testNG.Parallel2" time="14.456" errors="0" timestamp="2022-08-01T00:32:19 IST" skipped="0">
  <testcase classname="testNG.Parallel2" name="TC01" time="14.456"/>
  <system-out/>
</testsuite> <!-- testNG.Parallel2 -->
