<?xml version="1.0" encoding="UTF-8"?>
<!-- Generated by org.testng.reporters.JUnitReportReporter -->
<testsuite hostname="DESKTOP-V005S70" failures="0" tests="3" name="testNG.TestNG_Keywords1" time="0.032" errors="0" timestamp="2022-07-27T22:23:08 IST" skipped="0">
  <testcase classname="testNG.TestNG_Keywords1" name="TC02" time="0.024"/>
  <system-out>
    <![CDATA[Running Test Case 2]]>
  </system-out>
  <testcase classname="testNG.TestNG_Keywords1" name="TC03" time="0.006"/>
  <system-out>
    <![CDATA[Running Test Case 3]]>
  </system-out>
  <testcase classname="testNG.TestNG_Keywords1" name="TC01" time="0.002"/>
  <system-out>
    <![CDATA[Running Test Case 1]]>
  </system-out>
</testsuite> <!-- testNG.TestNG_Keywords1 -->
