<?xml version="1.0" encoding="UTF-8"?>
<!-- Generated by org.testng.reporters.JUnitReportReporter -->
<testsuite hostname="DESKTOP-V005S70" failures="0" tests="1" name="amazon_POM.Amazon_JavascriptExecutor_SendKeys" time="7.943" errors="0" timestamp="2022-08-01T07:23:45 IST" skipped="0">
  <testcase classname="amazon_POM.Amazon_JavascriptExecutor_SendKeys" name="TC01" time="7.943"/>
  <system-out/>
</testsuite> <!-- amazon_POM.Amazon_JavascriptExecutor_SendKeys -->
