<?xml version="1.0" encoding="UTF-8"?>
<!-- Generated by org.testng.reporters.JUnitReportReporter -->
<testsuite hostname="DESKTOP-V005S70" failures="0" tests="2" name="testNG.Sample2" time="0.020" errors="0" timestamp="2022-07-31T23:56:04 IST" skipped="0">
  <testcase classname="testNG.Sample2" name="TC6" time="0.006"/>
  <system-out/>
  <testcase classname="testNG.Sample2" name="TC5" time="0.014"/>
  <system-out/>
</testsuite> <!-- testNG.Sample2 -->
