<?xml version="1.0" encoding="UTF-8"?>
<!-- Generated by org.testng.reporters.JUnitReportReporter -->
<testsuite hostname="DESKTOP-V005S70" failures="0" tests="3" name="testNG.Sample1" time="0.022" errors="0" timestamp="2022-07-31T23:50:23 IST" skipped="0">
  <testcase classname="testNG.Sample1" name="TC1" time="0.017"/>
  <system-out/>
  <testcase classname="testNG.Sample1" name="TC2" time="0.003"/>
  <system-out/>
  <testcase classname="testNG.Sample1" name="TC3" time="0.002"/>
  <system-out/>
</testsuite> <!-- testNG.Sample1 -->
