<?xml version="1.0" encoding="UTF-8"?>
<!-- Generated by org.testng.reporters.JUnitReportReporter -->
<testsuite hostname="DESKTOP-V005S70" failures="0" tests="2" name="testNG.TestNG_Group" time="0.019" errors="0" timestamp="2022-08-01T00:09:59 IST" skipped="0">
  <testcase classname="testNG.TestNG_Group" name="TC5" time="0.015"/>
  <system-out/>
  <testcase classname="testNG.TestNG_Group" name="TC7" time="0.004"/>
  <system-out/>
</testsuite> <!-- testNG.TestNG_Group -->
