<?xml version="1.0" encoding="UTF-8"?>
<!-- Generated by org.testng.reporters.JUnitReportReporter -->
<testsuite hostname="DESKTOP-V005S70" failures="0" tests="4" name="testNG.DataProvider_Annotation" time="0.036" errors="0" timestamp="2022-08-02T15:13:31 IST" skipped="0">
  <testcase classname="testNG.DataProvider_Annotation" name="display" time="0.027"/>
  <system-out/>
  <testcase classname="testNG.DataProvider_Annotation" name="display" time="0.006"/>
  <system-out/>
  <testcase classname="testNG.DataProvider_Annotation" name="display" time="0.001"/>
  <system-out/>
  <testcase classname="testNG.DataProvider_Annotation" name="display" time="0.002"/>
  <system-out/>
</testsuite> <!-- testNG.DataProvider_Annotation -->
