<?xml version="1.0" encoding="UTF-8"?>
<!-- Generated by org.testng.reporters.JUnitReportReporter -->
<testsuite hostname="DESKTOP-V005S70" failures="0" tests="1" name="DDF_POM_TESTNG_BASE_UTILITY_CLASS.KiteLoginTest" time="13.603" errors="0" timestamp="2022-08-06T18:34:47 IST" skipped="0">
  <testcase classname="DDF_POM_TESTNG_BASE_UTILITY_CLASS.KiteLoginTest" name="Test" time="13.603"/>
  <system-out/>
</testsuite> <!-- DDF_POM_TESTNG_BASE_UTILITY_CLASS.KiteLoginTest -->
